asprintf.dll
cairo-2.dll
cairo-gobject-2.dll
cairo-script-interpreter-2.dll
epoxy-0.dll
ffi-8.dll
fontconfig-1.dll
freetype-6.dll
fribidi-0.dll
gdk_pixbuf-2.0-0.dll
gettextlib-0.21.0.dll
gettextpo.dll
gettextsrc-0.21.0.dll
gio-2.0-0.dll
glib-2.0-0.dll
gmodule-2.0-0.dll
gobject-2.0-0.dll
graphene-1.0-0.dll
gthread-2.0-0.dll
gtk-4-1.dll
harfbuzz-cairo.dll
harfbuzz-gobject.dll
harfbuzz-subset.dll
harfbuzz.dll
iconv.dll
intl.dll
jpeg62.dll
libexpat.dll
libpng16.dll
libxml2.dll
pango-1.0-0.dll
pangocairo-1.0-0.dll
pangowin32-1.0-0.dll
pcre2-16-0.dll
pcre2-32-0.dll
pcre2-8-0.dll
pcre2-posix-3.dll
pixman-1-0.dll
pkgconf-4.dll
rsvg-2.0-vs17.dll
textstyle.dll
tiff.dll
turbojpeg.dll
zlib1.dll
